
> web@ build /Users/jongseoklee/Documents/GitHub/itcom/web
> react-router build

vite v7.3.0 building client environment for production...
transforming...
✓ 42 modules transformed.
✗ Build failed in 164ms
[commonjs--resolver] Server-only module referenced by client

    '~/shared/db/client.server' imported by route 'app/features/mentoring/routes/schedule.tsx'

  React Router automatically removes server-code from these exports:
    `loader`, `action`, `middleware`, `headers`

  But other route exports in 'app/features/mentoring/routes/schedule.tsx' depend on '~/shared/db/client.server'.

  See https://reactrouter.com/explanation/code-splitting#removal-of-server-code

    at Object.resolveId (/Users/jongseoklee/Documents/GitHub/itcom/web/node_modules/.pnpm/@react-router+dev@7.10.1_@react-router+serve@7.10.1_react-router@7.10.1_react-dom@19.2._1ec244e67b91535d336d8c48f3196ea0/node_modules/@react-router/dev/dist/vite.js:3832:17)
    at PluginDriver.hookFirstAndGetPlugin (file:///Users/jongseoklee/Documents/GitHub/itcom/web/node_modules/.pnpm/rollup@4.54.0/node_modules/rollup/dist/es/shared/node-entry.js:22404:28)
    at resolveId (file:///Users/jongseoklee/Documents/GitHub/itcom/web/node_modules/.pnpm/rollup@4.54.0/node_modules/rollup/dist/es/shared/node-entry.js:20880:26)
    at ModuleLoader.resolveId (file:///Users/jongseoklee/Documents/GitHub/itcom/web/node_modules/.pnpm/rollup@4.54.0/node_modules/rollup/dist/es/shared/node-entry.js:21317:15)
    at Object.resolveId (file:///Users/jongseoklee/Documents/GitHub/itcom/web/node_modules/.pnpm/vite@7.3.0_@types+node@22.19.3_jiti@2.6.1_lightningcss@1.30.2/node_modules/vite/dist/node/chunks/config.js:4154:21)
    at PluginDriver.hookFirstAndGetPlugin (file:///Users/jongseoklee/Documents/GitHub/itcom/web/node_modules/.pnpm/rollup@4.54.0/node_modules/rollup/dist/es/shared/node-entry.js:22404:28)
    at resolveId (file:///Users/jongseoklee/Documents/GitHub/itcom/web/node_modules/.pnpm/rollup@4.54.0/node_modules/rollup/dist/es/shared/node-entry.js:20880:26)
    at ModuleLoader.resolveId (file:///Users/jongseoklee/Documents/GitHub/itcom/web/node_modules/.pnpm/rollup@4.54.0/node_modules/rollup/dist/es/shared/node-entry.js:21317:15)
    at file:///Users/jongseoklee/Documents/GitHub/itcom/web/node_modules/.pnpm/rollup@4.54.0/node_modules/rollup/dist/es/shared/node-entry.js:21621:50 {
  code: 'PLUGIN_ERROR',
  plugin: 'commonjs--resolver',
  hook: 'resolveId',
  watchFiles: [
    '/Users/jongseoklee/Documents/GitHub/itcom/web/app/features/auth/routes/login.tsx',
    '/Users/jongseoklee/Documents/GitHub/itcom/web/app/features/dashboard/routes/home.tsx',
    '/Users/jongseoklee/Documents/GitHub/itcom/web/app/features/auth/routes/signup.tsx',
    '/Users/jongseoklee/Documents/GitHub/itcom/web/app/root.tsx',
    '/Users/jongseoklee/Documents/GitHub/itcom/web/app/features/pipeline/routes/pipeline.tsx',
    '/Users/jongseoklee/Documents/GitHub/itcom/web/app/features/documents/routes/documents.tsx',
    '/Users/jongseoklee/Documents/GitHub/itcom/web/app/features/mentoring/routes/mentoring.tsx',
    '/Users/jongseoklee/Documents/GitHub/itcom/web/app/features/mentoring/routes/book.tsx',
    '/Users/jongseoklee/Documents/GitHub/itcom/web/app/features/mentoring/routes/schedule.tsx',
    '/Users/jongseoklee/Documents/GitHub/itcom/web/app/features/community/routes/community.tsx',
    '/Users/jongseoklee/Documents/GitHub/itcom/web/app/features/community/routes/new.tsx',
    '/Users/jongseoklee/Documents/GitHub/itcom/web/app/features/diagnosis/routes/diagnosis.tsx',
    '/Users/jongseoklee/Documents/GitHub/itcom/web/app/features/diagnosis/routes/result.tsx',
    '/Users/jongseoklee/Documents/GitHub/itcom/web/app/features/payment/routes/checkout.tsx',
    '/Users/jongseoklee/Documents/GitHub/itcom/web/app/features/documents/routes/new.tsx',
    '/Users/jongseoklee/Documents/GitHub/itcom/web/app/features/payment/routes/success.tsx',
    '/Users/jongseoklee/Documents/GitHub/itcom/web/node_modules/.pnpm/@react-router+dev@7.10.1_@react-router+serve@7.10.1_react-router@7.10.1_react-dom@19.2._1ec244e67b91535d336d8c48f3196ea0/node_modules/@react-router/dev/dist/config/defaults/entry.client.tsx',
    '/Users/jongseoklee/Documents/GitHub/itcom/web/node_modules/.pnpm/react@19.2.3/node_modules/react/index.js',
    '/Users/jongseoklee/Documents/GitHub/itcom/web/node_modules/.pnpm/react@19.2.3/node_modules/react/jsx-runtime.js',
    '/Users/jongseoklee/Documents/GitHub/itcom/web/node_modules/.pnpm/react-dom@19.2.3_react@19.2.3/node_modules/react-dom/client.js',
    '/Users/jongseoklee/Documents/GitHub/itcom/web/node_modules/.pnpm/react-router@7.10.1_react-dom@19.2.3_react@19.2.3__react@19.2.3/node_modules/react-router/dist/development/dom-export.mjs',
    '/Users/jongseoklee/Documents/GitHub/itcom/web/package.json',
    '/Users/jongseoklee/Documents/GitHub/itcom/web/node_modules/.pnpm/react@19.2.3/node_modules/react/cjs/react.production.js',
    '/Users/jongseoklee/Documents/GitHub/itcom/web/node_modules/.pnpm/react@19.2.3/node_modules/react/cjs/react-jsx-runtime.production.js',
    '/Users/jongseoklee/Documents/GitHub/itcom/web/node_modules/.pnpm/react-router@7.10.1_react-dom@19.2.3_react@19.2.3__react@19.2.3/node_modules/react-router/dist/development/chunk-PMGK554W.mjs',
    '/Users/jongseoklee/Documents/GitHub/itcom/web/node_modules/.pnpm/react-router@7.10.1_react-dom@19.2.3_react@19.2.3__react@19.2.3/node_modules/react-router/dist/development/chunk-WWGJGFF6.mjs',
    '/Users/jongseoklee/Documents/GitHub/itcom/web/node_modules/.pnpm/react-dom@19.2.3_react@19.2.3/node_modules/react-dom/index.js',
    '/Users/jongseoklee/Documents/GitHub/itcom/web/node_modules/.pnpm/react-dom@19.2.3_react@19.2.3/node_modules/react-dom/cjs/react-dom-client.production.js'
  ]
}
 ELIFECYCLE  Command failed with exit code 1.
